<xml><ToUserName><![CDATA[gh_50511fbe5c85]]></ToUserName>
<FromUserName><![CDATA[oWZis6rZBcT9TGnoeNnkZSJ1ccIk]]></FromUserName>
<CreateTime>1605345263</CreateTime>
<MsgType><![CDATA[event]]></MsgType>
<Event><![CDATA[CLICK]]></Event>
<EventKey><![CDATA[V1001_TODAY_MUSIC]]></EventKey>
</xml>



<xml><ToUserName><![CDATA[gh_50511fbe5c85]]></ToUserName>
<FromUserName><![CDATA[oWZis6rZBcT9TGnoeNnkZSJ1ccIk]]></FromUserName>
<CreateTime>1605345263</CreateTime>
<MsgType><![CDATA[event]]></MsgType>
<Event><![CDATA[CLICK]]></Event>
<EventKey><![CDATA[V1001_TODAY_MUSIC]]></EventKey>
</xml>



<xml><ToUserName><![CDATA[gh_50511fbe5c85]]></ToUserName>
<FromUserName><![CDATA[oWZis6rZBcT9TGnoeNnkZSJ1ccIk]]></FromUserName>
<CreateTime>1605345263</CreateTime>
<MsgType><![CDATA[event]]></MsgType>
<Event><![CDATA[CLICK]]></Event>
<EventKey><![CDATA[V1001_TODAY_MUSIC]]></EventKey>
</xml>



<xml><ToUserName><![CDATA[gh_50511fbe5c85]]></ToUserName>
<FromUserName><![CDATA[oWZis6rZBcT9TGnoeNnkZSJ1ccIk]]></FromUserName>
<CreateTime>1605345263</CreateTime>
<MsgType><![CDATA[event]]></MsgType>
<Event><![CDATA[CLICK]]></Event>
<EventKey><![CDATA[V1001_TODAY_MUSIC]]></EventKey>
</xml>



<xml><ToUserName><![CDATA[gh_50511fbe5c85]]></ToUserName>
<FromUserName><![CDATA[oWZis6rZBcT9TGnoeNnkZSJ1ccIk]]></FromUserName>
<CreateTime>1605345263</CreateTime>
<MsgType><![CDATA[event]]></MsgType>
<Event><![CDATA[CLICK]]></Event>
<EventKey><![CDATA[V1001_TODAY_MUSIC]]></EventKey>
</xml>



<xml><ToUserName><![CDATA[gh_50511fbe5c85]]></ToUserName>
<FromUserName><![CDATA[oWZis6rZBcT9TGnoeNnkZSJ1ccIk]]></FromUserName>
<CreateTime>1605345263</CreateTime>
<MsgType><![CDATA[event]]></MsgType>
<Event><![CDATA[CLICK]]></Event>
<EventKey><![CDATA[V1001_TODAY_MUSIC]]></EventKey>
</xml>



<xml><ToUserName><![CDATA[gh_50511fbe5c85]]></ToUserName>
<FromUserName><![CDATA[oWZis6rZBcT9TGnoeNnkZSJ1ccIk]]></FromUserName>
<CreateTime>1605175703</CreateTime>
<MsgType><![CDATA[event]]></MsgType>
<Event><![CDATA[CLICK]]></Event>
<EventKey><![CDATA[V1002_TODAY_MUSIC]]></EventKey>
</xml>



<xml><ToUserName><![CDATA[gh_50511fbe5c85]]></ToUserName>
<FromUserName><![CDATA[oWZis6rZBcT9TGnoeNnkZSJ1ccIk]]></FromUserName>
<CreateTime>1605175703</CreateTime>
<MsgType><![CDATA[event]]></MsgType>
<Event><![CDATA[CLICK]]></Event>
<EventKey><![CDATA[V1002_TODAY_MUSIC]]></EventKey>
</xml>



<xml><ToUserName><![CDATA[gh_50511fbe5c85]]></ToUserName>
<FromUserName><![CDATA[oWZis6rZBcT9TGnoeNnkZSJ1ccIk]]></FromUserName>
<CreateTime>1605488946</CreateTime>
<MsgType><![CDATA[event]]></MsgType>
<Event><![CDATA[CLICK]]></Event>
<EventKey><![CDATA[V1001_TODAY_MUSIC]]></EventKey>
</xml>




<xml><ToUserName><![CDATA[gh_50511fbe5c85]]></ToUserName>
<FromUserName><![CDATA[oWZis6rZBcT9TGnoeNnkZSJ1ccIk]]></FromUserName>
<CreateTime>1605488946</CreateTime>
<MsgType><![CDATA[event]]></MsgType>
<Event><![CDATA[CLICK]]></Event>
<EventKey><![CDATA[V1001_TODAY_MUSIC]]></EventKey>
</xml>




<xml><ToUserName><![CDATA[gh_50511fbe5c85]]></ToUserName>
<FromUserName><![CDATA[oWZis6rZBcT9TGnoeNnkZSJ1ccIk]]></FromUserName>
<CreateTime>1605488946</CreateTime>
<MsgType><![CDATA[event]]></MsgType>
<Event><![CDATA[CLICK]]></Event>
<EventKey><![CDATA[V1001_TODAY_MUSIC]]></EventKey>
</xml>




<xml><ToUserName><![CDATA[gh_50511fbe5c85]]></ToUserName>
<FromUserName><![CDATA[oWZis6rZBcT9TGnoeNnkZSJ1ccIk]]></FromUserName>
<CreateTime>1605488946</CreateTime>
<MsgType><![CDATA[event]]></MsgType>
<Event><![CDATA[CLICK]]></Event>
<EventKey><![CDATA[V1001_TODAY_MUSIC]]></EventKey>
</xml>




<xml><ToUserName><![CDATA[gh_50511fbe5c85]]></ToUserName>
<FromUserName><![CDATA[oWZis6rZBcT9TGnoeNnkZSJ1ccIk]]></FromUserName>
<CreateTime>1605488946</CreateTime>
<MsgType><![CDATA[event]]></MsgType>
<Event><![CDATA[CLICK]]></Event>
<EventKey><![CDATA[V1001_TODAY_MUSIC]]></EventKey>
</xml>




<xml><ToUserName><![CDATA[gh_50511fbe5c85]]></ToUserName>
<FromUserName><![CDATA[oWZis6rZBcT9TGnoeNnkZSJ1ccIk]]></FromUserName>
<CreateTime>1605488946</CreateTime>
<MsgType><![CDATA[event]]></MsgType>
<Event><![CDATA[CLICK]]></Event>
<EventKey><![CDATA[V1001_TODAY_MUSIC]]></EventKey>
</xml>




<xml><ToUserName><![CDATA[gh_50511fbe5c85]]></ToUserName>
<FromUserName><![CDATA[oWZis6rZBcT9TGnoeNnkZSJ1ccIk]]></FromUserName>
<CreateTime>1605488946</CreateTime>
<MsgType><![CDATA[event]]></MsgType>
<Event><![CDATA[CLICK]]></Event>
<EventKey><![CDATA[V1001_TODAY_MUSIC]]></EventKey>
</xml>




<xml><ToUserName><![CDATA[gh_50511fbe5c85]]></ToUserName>
<FromUserName><![CDATA[oWZis6rZBcT9TGnoeNnkZSJ1ccIk]]></FromUserName>
<CreateTime>1605488946</CreateTime>
<MsgType><![CDATA[event]]></MsgType>
<Event><![CDATA[CLICK]]></Event>
<EventKey><![CDATA[V1001_TODAY_MUSIC]]></EventKey>
</xml>




<xml><ToUserName><![CDATA[gh_50511fbe5c85]]></ToUserName>
<FromUserName><![CDATA[oWZis6rZBcT9TGnoeNnkZSJ1ccIk]]></FromUserName>
<CreateTime>1605488946</CreateTime>
<MsgType><![CDATA[event]]></MsgType>
<Event><![CDATA[CLICK]]></Event>
<EventKey><![CDATA[V1001_TODAY_MUSIC]]></EventKey>
</xml>




<xml><ToUserName><![CDATA[gh_50511fbe5c85]]></ToUserName>
<FromUserName><![CDATA[oWZis6rZBcT9TGnoeNnkZSJ1ccIk]]></FromUserName>
<CreateTime>1605488946</CreateTime>
<MsgType><![CDATA[event]]></MsgType>
<Event><![CDATA[CLICK]]></Event>
<EventKey><![CDATA[V1001_TODAY_MUSIC]]></EventKey>
</xml>




<xml><ToUserName><![CDATA[gh_50511fbe5c85]]></ToUserName>
<FromUserName><![CDATA[oWZis6rZBcT9TGnoeNnkZSJ1ccIk]]></FromUserName>
<CreateTime>1605488946</CreateTime>
<MsgType><![CDATA[event]]></MsgType>
<Event><![CDATA[CLICK]]></Event>
<EventKey><![CDATA[V1001_TODAY_MUSIC]]></EventKey>
</xml>




<xml><ToUserName><![CDATA[gh_50511fbe5c85]]></ToUserName>
<FromUserName><![CDATA[oWZis6rZBcT9TGnoeNnkZSJ1ccIk]]></FromUserName>
<CreateTime>1605488946</CreateTime>
<MsgType><![CDATA[event]]></MsgType>
<Event><![CDATA[CLICK]]></Event>
<EventKey><![CDATA[V1001_TODAY_MUSIC]]></EventKey>
</xml>




<xml><ToUserName><![CDATA[gh_50511fbe5c85]]></ToUserName>
<FromUserName><![CDATA[oWZis6rZBcT9TGnoeNnkZSJ1ccIk]]></FromUserName>
<CreateTime>1605488946</CreateTime>
<MsgType><![CDATA[event]]></MsgType>
<Event><![CDATA[CLICK]]></Event>
<EventKey><![CDATA[V1001_TODAY_MUSIC]]></EventKey>
</xml>




<xml><ToUserName><![CDATA[gh_50511fbe5c85]]></ToUserName>
<FromUserName><![CDATA[oWZis6rZBcT9TGnoeNnkZSJ1ccIk]]></FromUserName>
<CreateTime>1605488946</CreateTime>
<MsgType><![CDATA[event]]></MsgType>
<Event><![CDATA[CLICK]]></Event>
<EventKey><![CDATA[V1001_TODAY_MUSIC]]></EventKey>
</xml>




<xml><ToUserName><![CDATA[gh_50511fbe5c85]]></ToUserName>
<FromUserName><![CDATA[oWZis6rZBcT9TGnoeNnkZSJ1ccIk]]></FromUserName>
<CreateTime>1605488946</CreateTime>
<MsgType><![CDATA[event]]></MsgType>
<Event><![CDATA[CLICK]]></Event>
<EventKey><![CDATA[V1001_TODAY_MUSIC]]></EventKey>
</xml>




<xml><ToUserName><![CDATA[gh_50511fbe5c85]]></ToUserName>
<FromUserName><![CDATA[oWZis6rZBcT9TGnoeNnkZSJ1ccIk]]></FromUserName>
<CreateTime>1605488946</CreateTime>
<MsgType><![CDATA[event]]></MsgType>
<Event><![CDATA[CLICK]]></Event>
<EventKey><![CDATA[V1001_TODAY_MUSIC]]></EventKey>
</xml>




<xml><ToUserName><![CDATA[gh_50511fbe5c85]]></ToUserName>
<FromUserName><![CDATA[oWZis6rZBcT9TGnoeNnkZSJ1ccIk]]></FromUserName>
<CreateTime>1605488946</CreateTime>
<MsgType><![CDATA[event]]></MsgType>
<Event><![CDATA[CLICK]]></Event>
<EventKey><![CDATA[V1001_TODAY_MUSIC]]></EventKey>
</xml>




<xml><ToUserName><![CDATA[gh_50511fbe5c85]]></ToUserName>
<FromUserName><![CDATA[oWZis6rZBcT9TGnoeNnkZSJ1ccIk]]></FromUserName>
<CreateTime>1605488946</CreateTime>
<MsgType><![CDATA[event]]></MsgType>
<Event><![CDATA[CLICK]]></Event>
<EventKey><![CDATA[V1001_TODAY_MUSIC]]></EventKey>
</xml>




<xml><ToUserName><![CDATA[gh_50511fbe5c85]]></ToUserName>
<FromUserName><![CDATA[oWZis6rZBcT9TGnoeNnkZSJ1ccIk]]></FromUserName>
<CreateTime>1605488946</CreateTime>
<MsgType><![CDATA[event]]></MsgType>
<Event><![CDATA[CLICK]]></Event>
<EventKey><![CDATA[V1001_TODAY_MUSIC]]></EventKey>
</xml>




<xml><ToUserName><![CDATA[gh_50511fbe5c85]]></ToUserName>
<FromUserName><![CDATA[oWZis6rZBcT9TGnoeNnkZSJ1ccIk]]></FromUserName>
<CreateTime>1605488946</CreateTime>
<MsgType><![CDATA[event]]></MsgType>
<Event><![CDATA[CLICK]]></Event>
<EventKey><![CDATA[V1001_TODAY_MUSIC]]></EventKey>
</xml>




<xml><ToUserName><![CDATA[gh_50511fbe5c85]]></ToUserName>
<FromUserName><![CDATA[oWZis6rZBcT9TGnoeNnkZSJ1ccIk]]></FromUserName>
<CreateTime>1605488946</CreateTime>
<MsgType><![CDATA[event]]></MsgType>
<Event><![CDATA[CLICK]]></Event>
<EventKey><![CDATA[V1001_TODAY_MUSIC]]></EventKey>
</xml>




<xml><ToUserName><![CDATA[gh_50511fbe5c85]]></ToUserName>
<FromUserName><![CDATA[oWZis6rZBcT9TGnoeNnkZSJ1ccIk]]></FromUserName>
<CreateTime>1605488946</CreateTime>
<MsgType><![CDATA[event]]></MsgType>
<Event><![CDATA[CLICK]]></Event>
<EventKey><![CDATA[V1001_TODAY_MUSIC]]></EventKey>
</xml>




<xml><ToUserName><![CDATA[gh_50511fbe5c85]]></ToUserName>
<FromUserName><![CDATA[oWZis6rZBcT9TGnoeNnkZSJ1ccIk]]></FromUserName>
<CreateTime>1605488946</CreateTime>
<MsgType><![CDATA[event]]></MsgType>
<Event><![CDATA[CLICK]]></Event>
<EventKey><![CDATA[V1001_TODAY_MUSIC]]></EventKey>
</xml>




<xml><ToUserName><![CDATA[gh_50511fbe5c85]]></ToUserName>
<FromUserName><![CDATA[oWZis6rZBcT9TGnoeNnkZSJ1ccIk]]></FromUserName>
<CreateTime>1605488946</CreateTime>
<MsgType><![CDATA[event]]></MsgType>
<Event><![CDATA[CLICK]]></Event>
<EventKey><![CDATA[V1001_TODAY_MUSIC]]></EventKey>
</xml>




<xml><ToUserName><![CDATA[gh_50511fbe5c85]]></ToUserName>
<FromUserName><![CDATA[oWZis6rZBcT9TGnoeNnkZSJ1ccIk]]></FromUserName>
<CreateTime>1605488946</CreateTime>
<MsgType><![CDATA[event]]></MsgType>
<Event><![CDATA[CLICK]]></Event>
<EventKey><![CDATA[V1001_TODAY_MUSIC]]></EventKey>
</xml>




<xml><ToUserName><![CDATA[gh_50511fbe5c85]]></ToUserName>
<FromUserName><![CDATA[oWZis6rZBcT9TGnoeNnkZSJ1ccIk]]></FromUserName>
<CreateTime>1605496810</CreateTime>
<MsgType><![CDATA[video]]></MsgType>
<MediaId><![CDATA[gmmL_O-ngxXkfm_3AIze4XxI7R-OK07-gPEyh63-p1iZ8vIWurmjixgeKCLtEsne]]></MediaId>
<ThumbMediaId><![CDATA[o0s7FANqa2OCzBBc0R8yu6s5-uoH2Q_TuzQpAWsOIEeqyohHe0MBFYiqw0WQIA84]]></ThumbMediaId>
<MsgId>22985187851979620</MsgId>
</xml>





<xml><ToUserName><![CDATA[gh_50511fbe5c85]]></ToUserName>
<FromUserName><![CDATA[oWZis6rZBcT9TGnoeNnkZSJ1ccIk]]></FromUserName>
<CreateTime>1605496810</CreateTime>
<MsgType><![CDATA[video]]></MsgType>
<MediaId><![CDATA[gmmL_O-ngxXkfm_3AIze4XxI7R-OK07-gPEyh63-p1iZ8vIWurmjixgeKCLtEsne]]></MediaId>
<ThumbMediaId><![CDATA[o0s7FANqa2OCzBBc0R8yu6s5-uoH2Q_TuzQpAWsOIEeqyohHe0MBFYiqw0WQIA84]]></ThumbMediaId>
<MsgId>22985187851979620</MsgId>
</xml>





<xml><ToUserName><![CDATA[gh_50511fbe5c85]]></ToUserName>
<xml><ToUserName><![CDATA[gh_50511fbe5c85]]></ToUserName>
<FromUserName><![CDATA[oWZis6rZBcT9TGnoeNnkZSJ1ccIk]]></FromUserName>
<CreateTime>1605496800</CreateTime>
<MsgType><![CDATA[image]]></MsgType>
<PicUrl><![CDATA[http://mmbiz.qpic.cn/mmbiz_jpg/UibiaAlZogfQYNCXDrrL1kBg2UE9hMrJKNbbydBJd6LPsyeRzAUUO7qnzhmd1RQaAyanSuibz2NNlnmqpRSPQ/0]]></PicUrl>
<MsgId>22985189254310707</MsgId>
<MediaId><![CDATA[Qkae6ibJRkUUzoBHS066VyYIdea-YHFSx92toaqTsBTTDoZWLGGLTQ-msmKKS4oi]]></Media
</xml>






<xml><ToUserName><![CDATA[gh_50511fbe5c85]]></ToUserName>
<xml><ToUserName><![CDATA[gh_50511fbe5c85]]></ToUserName>
<FromUserName><![CDATA[oWZis6rZBcT9TGnoeNnkZSJ1ccIk]]></FromUserName>
<CreateTime>1605496800</CreateTime>
<MsgType><![CDATA[image]]></MsgType>
<PicUrl><![CDATA[http://mmbiz.qpic.cn/mmbiz_jpg/UibiaAlZogfQYNCXDrrL1kBg2UE9hMrJKNbbydBJd6LPsyeRzAUUO7qnzhmd1RQaAyanSuibz2NNlnmqpRSPQ/0]]></PicUrl>
<MsgId>22985189254310707</MsgId>
<MediaId><![CDATA[Qkae6ibJRkUUzoBHS066VyYIdea-YHFSx92toaqTsBTTDoZWLGGLTQ-msmKKS4oi]]></Media
</xml>






<xml><ToUserName><![CDATA[gh_50511fbe5c85]]></ToUserName>
<xml><ToUserName><![CDATA[gh_50511fbe5c85]]></ToUserName>
<FromUserName><![CDATA[oWZis6rZBcT9TGnoeNnkZSJ1ccIk]]></FromUserName>
<CreateTime>1605496800</CreateTime>
<MsgType><![CDATA[image]]></MsgType>
<PicUrl><![CDATA[http://mmbiz.qpic.cn/mmbiz_jpg/UibiaAlZogfQYNCXDrrL1kBg2UE9hMrJKNbbydBJd6LPsyeRzAUUO7qnzhmd1RQaAyanSuibz2NNlnmqpRSPQ/0]]></PicUrl>
<MsgId>22985189254310707</MsgId>
<MediaId><![CDATA[Qkae6ibJRkUUzoBHS066VyYIdea-YHFSx92toaqTsBTTDoZWLGGLTQ-msmKKS4oi]]></Media
</xml>






<xml><ToUserName><![CDATA[gh_50511fbe5c85]]></ToUserName>
<FromUserName><![CDATA[oWZis6rZBcT9TGnoeNnkZSJ1ccIk]]></FromUserName>
<CreateTime>1605496791</CreateTime>
<MsgType><![CDATA[voice]]></MsgType>
<MediaId><![CDATA[q_VHrc1o_G8n8gAgMGKdcir4YMIFv5MWfJBFbDj7Crz4zCss29wIt3ssPMmewJ4-]]></Media
<Format><![CDATA[amr]]></Format>
<MsgId>22985187289059259</MsgId>
<Recognition><![CDATA[]]></Recognition>
</xml>








<xml><ToUserName><![CDATA[gh_50511fbe5c85]]></ToUserName>
<FromUserName><![CDATA[oWZis6rZBcT9TGnoeNnkZSJ1ccIk]]></FromUserName>
<CreateTime>1605496776</CreateTime>
<MsgType><![CDATA[event]]></MsgType>
<Event><![CDATA[CLICK]]></Event>
<EventKey><![CDATA[V1001_TODAY_MUSIC]]></EventKey>
</xml>










<xml><ToUserName><![CDATA[gh_50511fbe5c85]]></ToUserName>
<FromUserName><![CDATA[oWZis6rZBcT9TGnoeNnkZSJ1ccIk]]></FromUserName>
<CreateTime>1605496779</CreateTime>
<MsgType><![CDATA[event]]></MsgType>
<Event><![CDATA[CLICK]]></Event>
<EventKey><![CDATA[V1002_TODAY_MUSIC]]></EventKey>
</xml>











<xml><ToUserName><![CDATA[gh_50511fbe5c85]]></ToUserName>
<FromUserName><![CDATA[oWZis6rZBcT9TGnoeNnkZSJ1ccIk]]></FromUserName>
<CreateTime>1605496781</CreateTime>
<MsgType><![CDATA[event]]></MsgType>
<Event><![CDATA[CLICK]]></Event>
<EventKey><![CDATA[V1003_TODAY_MUSIC]]></EventKey>
</xml>











